[22:06:13] [main/INFO] (FabricLoader/GameProvider) Loading Minecraft 1.21.8 with Fabric Loader 0.17.2
[22:06:14] [main/INFO] (FabricLoader) Loading 49 mods:
	- fabric-api 0.131.0+1.21.8
	- fabric-api-base 0.5.0+cd8c0daa2c
	- fabric-api-lookup-api-v1 1.6.101+946bf4c32c
	- fabric-biome-api-v1 16.0.11+946bf4c32c
	- fabric-block-api-v1 1.1.3+946bf4c32c
	- fabric-block-view-api-v2 1.0.31+946bf4c32c
	- fabric-client-gametest-api-v1 4.2.5+8a98c3fc2c
	- fabric-command-api-v2 2.3.1+52fff9ec2c
	- fabric-content-registries-v0 10.0.19+946bf4c32c
	- fabric-convention-tags-v1 2.1.41+7f945d5b2c
	- fabric-convention-tags-v2 2.15.6+eb5df52f2c
	- fabric-crash-report-info-v1 0.3.15+946bf4c32c
	- fabric-data-attachment-api-v1 1.8.11+946bf4c32c
	- fabric-data-generation-api-v1 23.2.6+0b1ef9762c
	- fabric-dimensions-v1 4.0.19+946bf4c32c
	- fabric-entity-events-v1 2.1.2+c9e472732c
	- fabric-events-interaction-v0 4.0.24+946bf4c32c
	- fabric-game-rule-api-v1 1.0.73+c64c9c5b2c
	- fabric-gametest-api-v1 3.1.10+39ce47f52c
	- fabric-item-api-v1 11.5.0+02ce13f42c
	- fabric-item-group-api-v1 4.2.14+c5f9bbc12c
	- fabric-key-binding-api-v1 1.0.65+946bf4c32c
	- fabric-lifecycle-events-v1 2.6.4+db4dfd852c
	- fabric-loot-api-v2 3.0.56+3f89f5a52c
	- fabric-loot-api-v3 2.0.3+946bf4c32c
	- fabric-message-api-v1 6.1.2+946bf4c32c
	- fabric-model-loading-api-v1 5.2.6+946bf4c32c
	- fabric-networking-api-v1 5.0.2+946bf4c32c
	- fabric-object-builder-api-v1 21.1.8+946bf4c32c
	- fabric-particles-v1 4.1.8+946bf4c32c
	- fabric-recipe-api-v1 8.1.15+946bf4c32c
	- fabric-registry-sync-v0 6.1.28+946bf4c32c
	- fabric-renderer-api-v1 7.0.3+208eed172c
	- fabric-renderer-indigo 4.0.3+946bf4c32c
	- fabric-rendering-fluids-v1 3.1.31+fa6cb72b2c
	- fabric-rendering-v1 12.5.0+fbe231d52c
	- fabric-resource-conditions-api-v1 5.0.25+98e6d6db2c
	- fabric-resource-loader-v0 3.1.12+020423442c
	- fabric-screen-api-v1 2.1.1+277ecf7d2c
	- fabric-screen-handler-api-v1 1.3.137+946bf4c32c
	- fabric-sound-api-v1 1.0.42+946bf4c32c
	- fabric-tag-api-v1 1.2.2+946bf4c32c
	- fabric-transfer-api-v1 6.0.6+946bf4c32c
	- fabric-transitive-access-wideners-v1 6.4.1+ac3e15d12c
	- fabricloader 0.17.2
	- java 21
	- jdn_mod-mc 1.0.0
	- minecraft 1.21.8
	- mixinextras 0.5.0
[22:06:14] [main/INFO] (FabricLoader/Mixin) SpongePowered MIXIN Subsystem Version=0.8.7 Source=file:/Users/arthur/.gradle/caches/modules-2/files-2.1/net.fabricmc/sponge-mixin/0.16.3+mixin.0.8.7/3e535042688d1265447e52ad86950b7d9678a5fa/sponge-mixin-0.16.3+mixin.0.8.7.jar Service=Knot/Fabric Env=CLIENT
[22:06:14] [main/INFO] (FabricLoader/Mixin) Loaded Fabric development mappings for mixin remapper!
[22:06:14] [main/INFO] (FabricLoader/Mixin) Compatibility level set to JAVA_21
[22:06:17] [main/INFO] (FabricLoader/MixinExtras|Service) Initializing MixinExtras via com.llamalad7.mixinextras.service.MixinExtrasServiceImpl(version=0.5.0).
[22:06:20] [Datafixer Bootstrap/INFO] (Minecraft) 269 Datafixer optimizations took 1378 milliseconds
[22:06:31] [Render thread/INFO] (Minecraft) Environment: Environment[sessionHost=https://sessionserver.mojang.com, servicesHost=https://api.minecraftservices.com, name=PROD]
[22:06:31] [Render thread/INFO] (Minecraft) Setting user: Player279
[22:06:31] [Render thread/INFO] (Indigo) [Indigo] Registering Indigo renderer!
[22:06:32] [Render thread/INFO] (Minecraft) Backend library: LWJGL version 3.3.3-snapshot
[22:06:34] [Render thread/INFO] (Minecraft) Using optional rendering extensions: 
[22:06:35] [Render thread/INFO] (Minecraft) Reloading ResourceManager: vanilla, fabric, fabric-api, fabric-api-base, fabric-api-lookup-api-v1, fabric-biome-api-v1, fabric-block-api-v1, fabric-block-view-api-v2, fabric-client-gametest-api-v1, fabric-command-api-v2, fabric-content-registries-v0, fabric-convention-tags-v1, fabric-convention-tags-v2, fabric-crash-report-info-v1, fabric-data-attachment-api-v1, fabric-data-generation-api-v1, fabric-dimensions-v1, fabric-entity-events-v1, fabric-events-interaction-v0, fabric-game-rule-api-v1, fabric-gametest-api-v1, fabric-item-api-v1, fabric-item-group-api-v1, fabric-key-binding-api-v1, fabric-lifecycle-events-v1, fabric-loot-api-v2, fabric-loot-api-v3, fabric-message-api-v1, fabric-model-loading-api-v1, fabric-networking-api-v1, fabric-object-builder-api-v1, fabric-particles-v1, fabric-recipe-api-v1, fabric-registry-sync-v0, fabric-renderer-api-v1, fabric-renderer-indigo, fabric-rendering-fluids-v1, fabric-rendering-v1, fabric-resource-conditions-api-v1, fabric-resource-loader-v0, fabric-screen-api-v1, fabric-screen-handler-api-v1, fabric-sound-api-v1, fabric-tag-api-v1, fabric-transfer-api-v1, fabric-transitive-access-wideners-v1, fabricloader, jdn_mod-mc
[22:06:35] [Worker-Main-6/INFO] (Minecraft) Found unifont_pua-16.0.03.hex, loading
[22:06:35] [Worker-Main-7/INFO] (Minecraft) Found unifont_all_no_pua-16.0.03.hex, loading
[22:06:37] [Worker-Main-5/INFO] (Minecraft) Found unifont_jp_patch-16.0.03.hex, loading
[22:06:39] [Render thread/INFO] (Minecraft) Info log when linking program containing VS minecraft:core/rendertype_beacon_beam and FS minecraft:core/rendertype_beacon_beam. Log output: WARNING: Could not find vertex shader attribute 'Normal' to match BindAttributeLocation request.
WARNING: Could not find vertex shader attribute 'UV2' to match BindAttributeLocation request.

[22:06:39] [Render thread/INFO] (Minecraft) Info log when linking program containing VS minecraft:core/entity and FS minecraft:core/entity. Log output: WARNING: Output of vertex shader 'overlayColor' not read by fragment shader

[22:06:39] [Render thread/INFO] (Minecraft) Info log when linking program containing VS minecraft:core/terrain and FS minecraft:core/terrain. Log output: WARNING: Could not find vertex shader attribute 'Normal' to match BindAttributeLocation request.

[22:06:39] [Render thread/INFO] (Minecraft) Info log when linking program containing VS minecraft:core/terrain and FS minecraft:core/terrain. Log output: WARNING: Could not find vertex shader attribute 'Normal' to match BindAttributeLocation request.

[22:06:39] [Render thread/INFO] (Minecraft) Info log when linking program containing VS minecraft:core/entity and FS minecraft:core/entity. Log output: WARNING: Could not find vertex shader attribute 'Normal' to match BindAttributeLocation request.
WARNING: Could not find vertex shader attribute 'UV2' to match BindAttributeLocation request.
WARNING: Output of vertex shader 'overlayColor' not read by fragment shader

[22:06:39] [Render thread/INFO] (Minecraft) Info log when linking program containing VS minecraft:core/terrain and FS minecraft:core/terrain. Log output: WARNING: Could not find vertex shader attribute 'Normal' to match BindAttributeLocation request.

[22:06:39] [Render thread/INFO] (Minecraft) Info log when linking program containing VS minecraft:core/entity and FS minecraft:core/entity. Log output: WARNING: Output of vertex shader 'overlayColor' not read by fragment shader

[22:06:39] [Render thread/INFO] (Minecraft) Info log when linking program containing VS minecraft:core/rendertype_text_intensity_see_through and FS minecraft:core/rendertype_text_intensity_see_through. Log output: WARNING: Could not find vertex shader attribute 'UV2' to match BindAttributeLocation request.

[22:06:39] [Render thread/INFO] (Minecraft) Info log when linking program containing VS minecraft:core/terrain and FS minecraft:core/terrain. Log output: WARNING: Could not find vertex shader attribute 'Normal' to match BindAttributeLocation request.

[22:06:39] [Render thread/INFO] (Minecraft) Info log when linking program containing VS minecraft:core/rendertype_entity_alpha and FS minecraft:core/rendertype_entity_alpha. Log output: WARNING: Could not find vertex shader attribute 'Normal' to match BindAttributeLocation request.
WARNING: Output of vertex shader 'texCoord1' not read by fragment shader
WARNING: Output of vertex shader 'texCoord2' not read by fragment shader

[22:06:39] [Render thread/INFO] (Minecraft) Info log when linking program containing VS minecraft:core/rendertype_entity_shadow and FS minecraft:core/rendertype_entity_shadow. Log output: WARNING: Could not find vertex shader attribute 'UV1' to match BindAttributeLocation request.
WARNING: Could not find vertex shader attribute 'Normal' to match BindAttributeLocation request.
WARNING: Could not find vertex shader attribute 'UV2' to match BindAttributeLocation request.

[22:06:39] [Render thread/INFO] (Minecraft) Info log when linking program containing VS minecraft:core/terrain and FS minecraft:core/terrain. Log output: WARNING: Could not find vertex shader attribute 'Normal' to match BindAttributeLocation request.

[22:06:39] [Render thread/INFO] (Minecraft) Info log when linking program containing VS minecraft:core/rendertype_item_entity_translucent_cull and FS minecraft:core/rendertype_item_entity_translucent_cull. Log output: WARNING: Output of vertex shader 'texCoord1' not read by fragment shader
WARNING: Output of vertex shader 'texCoord2' not read by fragment shader

[22:06:39] [Render thread/INFO] (Minecraft) Info log when linking program containing VS minecraft:core/entity and FS minecraft:core/entity. Log output: WARNING: Could not find vertex shader attribute 'Normal' to match BindAttributeLocation request.
WARNING: Could not find vertex shader attribute 'UV2' to match BindAttributeLocation request.
WARNING: Output of vertex shader 'overlayColor' not read by fragment shader

[22:06:39] [Render thread/INFO] (Minecraft) Info log when linking program containing VS minecraft:core/rendertype_text_background_see_through and FS minecraft:core/rendertype_text_background_see_through. Log output: WARNING: Could not find vertex shader attribute 'UV2' to match BindAttributeLocation request.

[22:06:39] [Render thread/INFO] (Minecraft) Info log when linking program containing VS minecraft:core/entity and FS minecraft:core/entity. Log output: WARNING: Output of vertex shader 'overlayColor' not read by fragment shader

[22:06:39] [Render thread/INFO] (Minecraft) Info log when linking program containing VS minecraft:core/rendertype_beacon_beam and FS minecraft:core/rendertype_beacon_beam. Log output: WARNING: Could not find vertex shader attribute 'Normal' to match BindAttributeLocation request.
WARNING: Could not find vertex shader attribute 'UV2' to match BindAttributeLocation request.

[22:06:39] [Render thread/INFO] (Minecraft) Info log when linking program containing VS minecraft:core/rendertype_text_see_through and FS minecraft:core/rendertype_text_see_through. Log output: WARNING: Could not find vertex shader attribute 'UV2' to match BindAttributeLocation request.

[22:06:39] [Render thread/INFO] (Minecraft) Info log when linking program containing VS minecraft:core/terrain and FS minecraft:core/terrain. Log output: WARNING: Could not find vertex shader attribute 'Normal' to match BindAttributeLocation request.

[22:06:39] [Render thread/INFO] (Minecraft) Info log when linking program containing VS minecraft:core/rendertype_translucent_moving_block and FS minecraft:core/rendertype_translucent_moving_block. Log output: WARNING: Could not find vertex shader attribute 'Normal' to match BindAttributeLocation request.

[22:06:39] [Render thread/INFO] (Minecraft) Info log when linking program containing VS minecraft:core/entity and FS minecraft:core/entity. Log output: WARNING: Could not find vertex shader attribute 'Normal' to match BindAttributeLocation request.
WARNING: Output of vertex shader 'overlayColor' not read by fragment shader

[22:06:39] [Render thread/INFO] (Minecraft) Info log when linking program containing VS minecraft:core/entity and FS minecraft:core/entity. Log output: WARNING: Output of vertex shader 'overlayColor' not read by fragment shader

[22:06:39] [Render thread/INFO] (Minecraft) Info log when linking program containing VS minecraft:core/entity and FS minecraft:core/entity. Log output: WARNING: Could not find vertex shader attribute 'UV2' to match BindAttributeLocation request.

[22:06:39] [Render thread/INFO] (Minecraft) Info log when linking program containing VS minecraft:core/rendertype_crumbling and FS minecraft:core/rendertype_crumbling. Log output: WARNING: Could not find vertex shader attribute 'Normal' to match BindAttributeLocation request.
WARNING: Output of vertex shader 'texCoord2' not read by fragment shader

[22:06:39] [Render thread/INFO] (Minecraft) OpenAL initialized on device Écouteurs externes
[22:06:39] [Render thread/INFO] (Minecraft) Sound engine started
[22:06:39] [Render thread/INFO] (Minecraft) Created: 1024x512x4 minecraft:textures/atlas/blocks.png-atlas
[22:06:39] [Render thread/INFO] (Minecraft) Created: 256x256x4 minecraft:textures/atlas/signs.png-atlas
[22:06:39] [Render thread/INFO] (Minecraft) Created: 512x512x4 minecraft:textures/atlas/banner_patterns.png-atlas
[22:06:39] [Render thread/INFO] (Minecraft) Created: 512x512x4 minecraft:textures/atlas/shield_patterns.png-atlas
[22:06:39] [Render thread/INFO] (Minecraft) Created: 2048x1024x4 minecraft:textures/atlas/armor_trims.png-atlas
[22:06:39] [Render thread/INFO] (Minecraft) Created: 256x256x4 minecraft:textures/atlas/chest.png-atlas
[22:06:39] [Render thread/INFO] (Minecraft) Created: 128x64x4 minecraft:textures/atlas/decorated_pot.png-atlas
[22:06:39] [Render thread/INFO] (Minecraft) Created: 512x256x4 minecraft:textures/atlas/beds.png-atlas
[22:06:39] [Render thread/INFO] (Minecraft) Created: 512x256x4 minecraft:textures/atlas/shulker_boxes.png-atlas
[22:06:39] [Render thread/INFO] (Minecraft) Created: 64x64x0 minecraft:textures/atlas/map_decorations.png-atlas
[22:06:40] [Render thread/INFO] (Minecraft) Created: 512x256x0 minecraft:textures/atlas/particles.png-atlas
[22:06:40] [Render thread/INFO] (Minecraft) Created: 512x256x0 minecraft:textures/atlas/paintings.png-atlas
[22:06:40] [Render thread/INFO] (Minecraft) Created: 1024x512x0 minecraft:textures/atlas/gui.png-atlas
[22:06:50] [Render thread/INFO] (Minecraft) Loaded 1407 recipes
[22:06:50] [Render thread/INFO] (Minecraft) Loaded 1520 advancements
[22:06:53] [Render thread/INFO] (Minecraft) Resizing Dynamic Transforms UBO, capacity limit of 2 reached during a single frame. New capacity will be 4.
[22:06:53] [Render thread/INFO] (BiomeModificationImpl) Applied 0 biome modifications to 0 of 65 new biomes in 1.676 ms
[22:06:53] [Server thread/INFO] (Minecraft) Starting integrated minecraft server version 1.21.8
[22:06:53] [Server thread/INFO] (Minecraft) Generating keypair
[22:07:11] [Server thread/INFO] (Minecraft) Preparing start region for dimension minecraft:overworld
[22:07:11] [Render thread/INFO] (Minecraft) Preparing spawn area: 2%
[22:07:12] [Render thread/INFO] (Minecraft) Preparing spawn area: 2%
[22:07:12] [Render thread/INFO] (Minecraft) Preparing spawn area: 2%
[22:07:13] [Render thread/INFO] (Minecraft) Preparing spawn area: 2%
[22:07:13] [Render thread/INFO] (Minecraft) Preparing spawn area: 2%
[22:07:14] [Render thread/INFO] (Minecraft) Preparing spawn area: 2%
[22:07:14] [Render thread/INFO] (Minecraft) Preparing spawn area: 2%
[22:07:14] [Render thread/INFO] (Minecraft) Preparing spawn area: 2%
[22:07:15] [Render thread/INFO] (Minecraft) Preparing spawn area: 2%
[22:07:15] [Render thread/INFO] (Minecraft) Preparing spawn area: 2%
[22:07:16] [Render thread/INFO] (Minecraft) Preparing spawn area: 2%
[22:07:16] [Render thread/INFO] (Minecraft) Preparing spawn area: 2%
[22:07:17] [Render thread/INFO] (Minecraft) Preparing spawn area: 2%
[22:07:17] [Render thread/INFO] (Minecraft) Preparing spawn area: 6%
[22:07:18] [Render thread/INFO] (Minecraft) Preparing spawn area: 18%
[22:07:18] [Render thread/INFO] (Minecraft) Preparing spawn area: 18%
[22:07:19] [Render thread/INFO] (Minecraft) Preparing spawn area: 18%
[22:07:19] [Render thread/INFO] (Minecraft) Preparing spawn area: 18%
[22:07:20] [Render thread/INFO] (Minecraft) Preparing spawn area: 18%
[22:07:20] [Render thread/INFO] (Minecraft) Preparing spawn area: 18%
[22:07:21] [Render thread/INFO] (Minecraft) Preparing spawn area: 18%
[22:07:21] [Render thread/INFO] (Minecraft) Preparing spawn area: 18%
[22:07:22] [Render thread/INFO] (Minecraft) Preparing spawn area: 18%
[22:07:22] [Render thread/INFO] (Minecraft) Preparing spawn area: 18%
[22:07:23] [Render thread/INFO] (Minecraft) Preparing spawn area: 18%
[22:07:23] [Render thread/INFO] (Minecraft) Preparing spawn area: 18%
[22:07:24] [Render thread/INFO] (Minecraft) Preparing spawn area: 51%
[22:07:25] [Render thread/INFO] (Minecraft) Preparing spawn area: 51%
[22:07:25] [Render thread/INFO] (Minecraft) Preparing spawn area: 51%
[22:07:25] [Render thread/INFO] (Minecraft) Preparing spawn area: 51%
[22:07:26] [Render thread/INFO] (Minecraft) Preparing spawn area: 51%
[22:07:26] [Render thread/INFO] (Minecraft) Preparing spawn area: 51%
[22:07:27] [Render thread/INFO] (Minecraft) Preparing spawn area: 51%
[22:07:27] [Render thread/INFO] (Minecraft) Preparing spawn area: 51%
[22:07:28] [Render thread/INFO] (Minecraft) Preparing spawn area: 51%
[22:07:28] [Render thread/INFO] (Minecraft) Preparing spawn area: 51%
[22:07:29] [Render thread/INFO] (Minecraft) Time elapsed: 18049 ms
[22:07:29] [Server thread/INFO] (Minecraft) Changing view distance to 12, from 10
[22:07:29] [Server thread/INFO] (Minecraft) Changing simulation distance to 12, from 0
[22:07:31] [Server thread/INFO] (Minecraft) Player279[local:E:be784cf4] logged in with entity id 17 at (20.5, 66.0, 7.5)
[22:07:31] [Server thread/INFO] (Minecraft) Player279 joined the game
[22:07:32] [Render thread/INFO] (Minecraft) Resizing Dynamic Transforms UBO, capacity limit of 4 reached during a single frame. New capacity will be 8.
[22:07:32] [Render thread/INFO] (Minecraft) Loaded 2 advancements
[22:07:32] [Render thread/INFO] (Minecraft) Resizing Dynamic Transforms UBO, capacity limit of 8 reached during a single frame. New capacity will be 16.
[22:07:32] [Render thread/INFO] (Minecraft) Resizing Dynamic Transforms UBO, capacity limit of 16 reached during a single frame. New capacity will be 32.
[22:07:32] [Render thread/INFO] (Minecraft) Resizing Dynamic Transforms UBO, capacity limit of 32 reached during a single frame. New capacity will be 64.
[22:07:36] [Render thread/INFO] (Minecraft) Resizing Dynamic Transforms UBO, capacity limit of 64 reached during a single frame. New capacity will be 128.
[22:07:37] [Server thread/WARN] (Minecraft) Can't keep up! Is the server overloaded? Running 2000ms or 40 ticks behind
[22:07:39] [Server thread/INFO] (Minecraft) Saving and pausing game...
[22:07:40] [Server thread/INFO] (Minecraft) Saving chunks for level 'ServerLevel[New World]'/minecraft:overworld
[22:07:40] [Server thread/INFO] (Minecraft) Saving chunks for level 'ServerLevel[New World]'/minecraft:the_end
[22:07:40] [Server thread/INFO] (Minecraft) Saving chunks for level 'ServerLevel[New World]'/minecraft:the_nether
[22:07:52] [Render thread/INFO] (Minecraft) Resizing Dynamic Transforms UBO, capacity limit of 128 reached during a single frame. New capacity will be 256.
[22:08:07] [Server thread/WARN] (Minecraft) Can't keep up! Is the server overloaded? Running 14616ms or 292 ticks behind
[22:08:11] [Server thread/INFO] (Minecraft) Saving and pausing game...
[22:08:11] [Server thread/INFO] (Minecraft) Saving chunks for level 'ServerLevel[New World]'/minecraft:overworld
[22:08:12] [Server thread/INFO] (Minecraft) Saving chunks for level 'ServerLevel[New World]'/minecraft:the_end
[22:08:12] [Server thread/INFO] (Minecraft) Saving chunks for level 'ServerLevel[New World]'/minecraft:the_nether
[22:08:27] [Render thread/INFO] (Minecraft) Resizing Dynamic Transforms UBO, capacity limit of 256 reached during a single frame. New capacity will be 512.
[22:08:29] [Server thread/WARN] (Minecraft) Can't keep up! Is the server overloaded? Running 3090ms or 61 ticks behind
[22:08:57] [Server thread/WARN] (Minecraft) Can't keep up! Is the server overloaded? Running 12848ms or 256 ticks behind
[22:08:59] [Server thread/INFO] (Minecraft) Saving and pausing game...
[22:08:59] [Server thread/INFO] (Minecraft) Saving chunks for level 'ServerLevel[New World]'/minecraft:overworld
[22:08:59] [Server thread/INFO] (Minecraft) Saving chunks for level 'ServerLevel[New World]'/minecraft:the_end
[22:08:59] [Server thread/INFO] (Minecraft) Saving chunks for level 'ServerLevel[New World]'/minecraft:the_nether
[22:09:00] [Server thread/INFO] (Minecraft) Player279 lost connection: Disconnected
[22:09:00] [Server thread/INFO] (Minecraft) Player279 left the game
[22:09:00] [Server thread/INFO] (Minecraft) Stopping singleplayer server as player logged out
[22:09:00] [Server thread/INFO] (Minecraft) Stopping server
[22:09:00] [Server thread/INFO] (Minecraft) Saving players
[22:09:00] [Server thread/INFO] (Minecraft) Saving worlds
[22:09:03] [Server thread/INFO] (Minecraft) Saving chunks for level 'ServerLevel[New World]'/minecraft:overworld
[22:09:06] [Server thread/INFO] (Minecraft) Saving chunks for level 'ServerLevel[New World]'/minecraft:the_end
[22:09:06] [Server thread/INFO] (Minecraft) Saving chunks for level 'ServerLevel[New World]'/minecraft:the_nether
[22:09:06] [Server thread/INFO] (Minecraft) ThreadedAnvilChunkStorage (New World): All chunks are saved
[22:09:06] [Server thread/INFO] (Minecraft) ThreadedAnvilChunkStorage (DIM1): All chunks are saved
[22:09:06] [Server thread/INFO] (Minecraft) ThreadedAnvilChunkStorage (DIM-1): All chunks are saved
[22:09:06] [Server thread/INFO] (Minecraft) ThreadedAnvilChunkStorage: All dimensions are saved
[22:09:07] [Render thread/INFO] (Minecraft) Stopping!
